The target system is: Android - 1 - mips
The host system is: Linux - 4.10.0-42-generic - x86_64
Determining if the C compiler works passed with the following output:
Change Dir: /home/lulu/source/github/cryptlib/CryptLibrary/.externalNativeBuild/cmake/release/mips/CMakeFiles/CMakeTmp

Run Build Command:"/home/lulu/Android/Sdk/cmake/3.6.4111459/bin/ninja" "cmTC_79b3f"
[1/2] Building C object CMakeFiles/cmTC_79b3f.dir/testCCompiler.c.o
[2/2] Linking C executable cmTC_79b3f


Detecting C compiler ABI info compiled with the following output:
Change Dir: /home/lulu/source/github/cryptlib/CryptLibrary/.externalNativeBuild/cmake/release/mips/CMakeFiles/CMakeTmp

Run Build Command:"/home/lulu/Android/Sdk/cmake/3.6.4111459/bin/ninja" "cmTC_9b1d7"
[1/2] Building C object CMakeFiles/cmTC_9b1d7.dir/CMakeCCompilerABI.c.o
[2/2] Linking C executable cmTC_9b1d7
Android clang version 5.0.300080  (based on LLVM 5.0.300080)
Target: mipsel-none-linux-android
Thread model: posix
InstalledDir: /home/lulu/Android/Sdk/ndk-bundle/toolchains/llvm/prebuilt/linux-x86_64/bin
Found candidate GCC installation: /home/lulu/Android/Sdk/ndk-bundle/toolchains/mips64el-linux-android-4.9/prebuilt/linux-x86_64/lib/gcc/mips64el-linux-android/4.9.x
Selected GCC installation: /home/lulu/Android/Sdk/ndk-bundle/toolchains/mips64el-linux-android-4.9/prebuilt/linux-x86_64/lib/gcc/mips64el-linux-android/4.9.x
Candidate multilib: .;@march=mips64r6
Candidate multilib: 32/mips-r1;@march=mips32
Candidate multilib: 32/mips-r2;@march=mips32r2
Candidate multilib: 32/mips-r6;@march=mips32r6
Selected multilib: 32/mips-r1;@march=mips32
 "/home/lulu/Android/Sdk/ndk-bundle/toolchains/mips64el-linux-android-4.9/prebuilt/linux-x86_64/lib/gcc/mips64el-linux-android/4.9.x/../../../../mips64el-linux-android/bin/ld" --sysroot=/home/lulu/Android/Sdk/ndk-bundle/platforms/android-15/arch-mips -z relro --sysroot=/home/lulu/Android/Sdk/ndk-bundle/platforms/android-15/arch-mips --eh-frame-hdr -m elf32ltsmip -dynamic-linker /system/bin/linker -o cmTC_9b1d7 /home/lulu/Android/Sdk/ndk-bundle/platforms/android-15/arch-mips/usr/lib/../lib/crtbegin_dynamic.o -L/home/lulu/Android/Sdk/ndk-bundle/toolchains/mips64el-linux-android-4.9/prebuilt/linux-x86_64/lib/gcc/mips64el-linux-android/4.9.x/32/mips-r1 -L/home/lulu/Android/Sdk/ndk-bundle/toolchains/llvm/prebuilt/linux-x86_64/lib64/clang/5.0.300080/lib/linux/mipsel -L/home/lulu/Android/Sdk/ndk-bundle/toolchains/mips64el-linux-android-4.9/prebuilt/linux-x86_64/lib/gcc/mips64el-linux-android/4.9.x/32/mips-r1 -L/home/lulu/Android/Sdk/ndk-bundle/toolchains/mips64el-linux-android-4.9/prebuilt/linux-x86_64/lib/gcc/mips64el-linux-android/4.9.x/../../../../mips64el-linux-android/lib/../lib -L/home/lulu/Android/Sdk/ndk-bundle/platforms/android-15/arch-mips/usr/lib/../lib -L/home/lulu/Android/Sdk/ndk-bundle/toolchains/mips64el-linux-android-4.9/prebuilt/linux-x86_64/lib/gcc/mips64el-linux-android/4.9.x/../../../../mips64el-linux-android/lib -L/home/lulu/Android/Sdk/ndk-bundle/platforms/android-15/arch-mips/usr/lib --exclude-libs libgcc.a --exclude-libs libatomic.a --build-id --warn-shared-textrel --fatal-warnings --no-undefined -z noexecstack -z relro -z now --gc-sections -z nocopyreloc CMakeFiles/cmTC_9b1d7.dir/CMakeCCompilerABI.c.o -lgcc -ldl -lc -lgcc -ldl /home/lulu/Android/Sdk/ndk-bundle/platforms/android-15/arch-mips/usr/lib/../lib/crtend_android.o


Parsed C implicit link information from above output:
  link line regex: [^( *|.*[/\])(mips64el-linux-android-ld|([^/\]+-)?ld|collect2)[^/\]*( |$)]
  ignore line: [Change Dir: /home/lulu/source/github/cryptlib/CryptLibrary/.externalNativeBuild/cmake/release/mips/CMakeFiles/CMakeTmp]
  ignore line: []
  ignore line: [Run Build Command:"/home/lulu/Android/Sdk/cmake/3.6.4111459/bin/ninja" "cmTC_9b1d7"]
  ignore line: [[1/2] Building C object CMakeFiles/cmTC_9b1d7.dir/CMakeCCompilerABI.c.o]
  ignore line: [[2/2] Linking C executable cmTC_9b1d7]
  ignore line: [Android clang version 5.0.300080  (based on LLVM 5.0.300080)]
  ignore line: [Target: mipsel-none-linux-android]
  ignore line: [Thread model: posix]
  ignore line: [InstalledDir: /home/lulu/Android/Sdk/ndk-bundle/toolchains/llvm/prebuilt/linux-x86_64/bin]
  ignore line: [Found candidate GCC installation: /home/lulu/Android/Sdk/ndk-bundle/toolchains/mips64el-linux-android-4.9/prebuilt/linux-x86_64/lib/gcc/mips64el-linux-android/4.9.x]
  ignore line: [Selected GCC installation: /home/lulu/Android/Sdk/ndk-bundle/toolchains/mips64el-linux-android-4.9/prebuilt/linux-x86_64/lib/gcc/mips64el-linux-android/4.9.x]
  ignore line: [Candidate multilib: .]
  ignore line: [@march=mips64r6]
  ignore line: [Candidate multilib: 32/mips-r1]
  ignore line: [@march=mips32]
  ignore line: [Candidate multilib: 32/mips-r2]
  ignore line: [@march=mips32r2]
  ignore line: [Candidate multilib: 32/mips-r6]
  ignore line: [@march=mips32r6]
  ignore line: [Selected multilib: 32/mips-r1]
  ignore line: [@march=mips32]
  link line: [ "/home/lulu/Android/Sdk/ndk-bundle/toolchains/mips64el-linux-android-4.9/prebuilt/linux-x86_64/lib/gcc/mips64el-linux-android/4.9.x/../../../../mips64el-linux-android/bin/ld" --sysroot=/home/lulu/Android/Sdk/ndk-bundle/platforms/android-15/arch-mips -z relro --sysroot=/home/lulu/Android/Sdk/ndk-bundle/platforms/android-15/arch-mips --eh-frame-hdr -m elf32ltsmip -dynamic-linker /system/bin/linker -o cmTC_9b1d7 /home/lulu/Android/Sdk/ndk-bundle/platforms/android-15/arch-mips/usr/lib/../lib/crtbegin_dynamic.o -L/home/lulu/Android/Sdk/ndk-bundle/toolchains/mips64el-linux-android-4.9/prebuilt/linux-x86_64/lib/gcc/mips64el-linux-android/4.9.x/32/mips-r1 -L/home/lulu/Android/Sdk/ndk-bundle/toolchains/llvm/prebuilt/linux-x86_64/lib64/clang/5.0.300080/lib/linux/mipsel -L/home/lulu/Android/Sdk/ndk-bundle/toolchains/mips64el-linux-android-4.9/prebuilt/linux-x86_64/lib/gcc/mips64el-linux-android/4.9.x/32/mips-r1 -L/home/lulu/Android/Sdk/ndk-bundle/toolchains/mips64el-linux-android-4.9/prebuilt/linux-x86_64/lib/gcc/mips64el-linux-android/4.9.x/../../../../mips64el-linux-android/lib/../lib -L/home/lulu/Android/Sdk/ndk-bundle/platforms/android-15/arch-mips/usr/lib/../lib -L/home/lulu/Android/Sdk/ndk-bundle/toolchains/mips64el-linux-android-4.9/prebuilt/linux-x86_64/lib/gcc/mips64el-linux-android/4.9.x/../../../../mips64el-linux-android/lib -L/home/lulu/Android/Sdk/ndk-bundle/platforms/android-15/arch-mips/usr/lib --exclude-libs libgcc.a --exclude-libs libatomic.a --build-id --warn-shared-textrel --fatal-warnings --no-undefined -z noexecstack -z relro -z now --gc-sections -z nocopyreloc CMakeFiles/cmTC_9b1d7.dir/CMakeCCompilerABI.c.o -lgcc -ldl -lc -lgcc -ldl /home/lulu/Android/Sdk/ndk-bundle/platforms/android-15/arch-mips/usr/lib/../lib/crtend_android.o]
    arg [/home/lulu/Android/Sdk/ndk-bundle/toolchains/mips64el-linux-android-4.9/prebuilt/linux-x86_64/lib/gcc/mips64el-linux-android/4.9.x/../../../../mips64el-linux-android/bin/ld] ==> ignore
    arg [--sysroot=/home/lulu/Android/Sdk/ndk-bundle/platforms/android-15/arch-mips] ==> ignore
    arg [-zrelro] ==> ignore
    arg [--sysroot=/home/lulu/Android/Sdk/ndk-bundle/platforms/android-15/arch-mips] ==> ignore
    arg [--eh-frame-hdr] ==> ignore
    arg [-m] ==> ignore
    arg [elf32ltsmip] ==> ignore
    arg [-dynamic-linker] ==> ignore
    arg [/system/bin/linker] ==> ignore
    arg [-o] ==> ignore
    arg [cmTC_9b1d7] ==> ignore
    arg [/home/lulu/Android/Sdk/ndk-bundle/platforms/android-15/arch-mips/usr/lib/../lib/crtbegin_dynamic.o] ==> ignore
    arg [-L/home/lulu/Android/Sdk/ndk-bundle/toolchains/mips64el-linux-android-4.9/prebuilt/linux-x86_64/lib/gcc/mips64el-linux-android/4.9.x/32/mips-r1] ==> dir [/home/lulu/Android/Sdk/ndk-bundle/toolchains/mips64el-linux-android-4.9/prebuilt/linux-x86_64/lib/gcc/mips64el-linux-android/4.9.x/32/mips-r1]
    arg [-L/home/lulu/Android/Sdk/ndk-bundle/toolchains/llvm/prebuilt/linux-x86_64/lib64/clang/5.0.300080/lib/linux/mipsel] ==> dir [/home/lulu/Android/Sdk/ndk-bundle/toolchains/llvm/prebuilt/linux-x86_64/lib64/clang/5.0.300080/lib/linux/mipsel]
    arg [-L/home/lulu/Android/Sdk/ndk-bundle/toolchains/mips64el-linux-android-4.9/prebuilt/linux-x86_64/lib/gcc/mips64el-linux-android/4.9.x/32/mips-r1] ==> dir [/home/lulu/Android/Sdk/ndk-bundle/toolchains/mips64el-linux-android-4.9/prebuilt/linux-x86_64/lib/gcc/mips64el-linux-android/4.9.x/32/mips-r1]
    arg [-L/home/lulu/Android/Sdk/ndk-bundle/toolchains/mips64el-linux-android-4.9/prebuilt/linux-x86_64/lib/gcc/mips64el-linux-android/4.9.x/../../../../mips64el-linux-android/lib/../lib] ==> dir [/home/lulu/Android/Sdk/ndk-bundle/toolchains/mips64el-linux-android-4.9/prebuilt/linux-x86_64/lib/gcc/mips64el-linux-android/4.9.x/../../../../mips64el-linux-android/lib/../lib]
    arg [-L/home/lulu/Android/Sdk/ndk-bundle/platforms/android-15/arch-mips/usr/lib/../lib] ==> dir [/home/lulu/Android/Sdk/ndk-bundle/platforms/android-15/arch-mips/usr/lib/../lib]
    arg [-L/home/lulu/Android/Sdk/ndk-bundle/toolchains/mips64el-linux-android-4.9/prebuilt/linux-x86_64/lib/gcc/mips64el-linux-android/4.9.x/../../../../mips64el-linux-android/lib] ==> dir [/home/lulu/Android/Sdk/ndk-bundle/toolchains/mips64el-linux-android-4.9/prebuilt/linux-x86_64/lib/gcc/mips64el-linux-android/4.9.x/../../../../mips64el-linux-android/lib]
    arg [-L/home/lulu/Android/Sdk/ndk-bundle/platforms/android-15/arch-mips/usr/lib] ==> dir [/home/lulu/Android/Sdk/ndk-bundle/platforms/android-15/arch-mips/usr/lib]
    arg [--exclude-libs] ==> ignore
    arg [libgcc.a] ==> ignore
    arg [--exclude-libs] ==> ignore
    arg [libatomic.a] ==> ignore
    arg [--build-id] ==> ignore
    arg [--warn-shared-textrel] ==> ignore
    arg [--fatal-warnings] ==> ignore
    arg [--no-undefined] ==> ignore
    arg [-znoexecstack] ==> ignore
    arg [-zrelro] ==> ignore
    arg [-znow] ==> ignore
    arg [--gc-sections] ==> ignore
    arg [-znocopyreloc] ==> ignore
    arg [CMakeFiles/cmTC_9b1d7.dir/CMakeCCompilerABI.c.o] ==> ignore
    arg [-lgcc] ==> lib [gcc]
    arg [-ldl] ==> lib [dl]
    arg [-lc] ==> lib [c]
    arg [-lgcc] ==> lib [gcc]
    arg [-ldl] ==> lib [dl]
    arg [/home/lulu/Android/Sdk/ndk-bundle/platforms/android-15/arch-mips/usr/lib/../lib/crtend_android.o] ==> ignore
  remove lib [gcc]
  remove lib [gcc]
  collapse library dir [/home/lulu/Android/Sdk/ndk-bundle/toolchains/mips64el-linux-android-4.9/prebuilt/linux-x86_64/lib/gcc/mips64el-linux-android/4.9.x/32/mips-r1] ==> [/home/lulu/Android/Sdk/ndk-bundle/toolchains/mips64el-linux-android-4.9/prebuilt/linux-x86_64/lib/gcc/mips64el-linux-android/4.9.x/32/mips-r1]
  collapse library dir [/home/lulu/Android/Sdk/ndk-bundle/toolchains/llvm/prebuilt/linux-x86_64/lib64/clang/5.0.300080/lib/linux/mipsel] ==> [/home/lulu/Android/Sdk/ndk-bundle/toolchains/llvm/prebuilt/linux-x86_64/lib64/clang/5.0.300080/lib/linux/mipsel]
  collapse library dir [/home/lulu/Android/Sdk/ndk-bundle/toolchains/mips64el-linux-android-4.9/prebuilt/linux-x86_64/lib/gcc/mips64el-linux-android/4.9.x/32/mips-r1] ==> [/home/lulu/Android/Sdk/ndk-bundle/toolchains/mips64el-linux-android-4.9/prebuilt/linux-x86_64/lib/gcc/mips64el-linux-android/4.9.x/32/mips-r1]
  collapse library dir [/home/lulu/Android/Sdk/ndk-bundle/toolchains/mips64el-linux-android-4.9/prebuilt/linux-x86_64/lib/gcc/mips64el-linux-android/4.9.x/../../../../mips64el-linux-android/lib/../lib] ==> [/home/lulu/Android/Sdk/ndk-bundle/toolchains/mips64el-linux-android-4.9/prebuilt/linux-x86_64/mips64el-linux-android/lib]
  collapse library dir [/home/lulu/Android/Sdk/ndk-bundle/platforms/android-15/arch-mips/usr/lib/../lib] ==> [/home/lulu/Android/Sdk/ndk-bundle/platforms/android-15/arch-mips/usr/lib]
  collapse library dir [/home/lulu/Android/Sdk/ndk-bundle/toolchains/mips64el-linux-android-4.9/prebuilt/linux-x86_64/lib/gcc/mips64el-linux-android/4.9.x/../../../../mips64el-linux-android/lib] ==> [/home/lulu/Android/Sdk/ndk-bundle/toolchains/mips64el-linux-android-4.9/prebuilt/linux-x86_64/mips64el-linux-android/lib]
  collapse library dir [/home/lulu/Android/Sdk/ndk-bundle/platforms/android-15/arch-mips/usr/lib] ==> [/home/lulu/Android/Sdk/ndk-bundle/platforms/android-15/arch-mips/usr/lib]
  implicit libs: [dl;c;dl]
  implicit dirs: [/home/lulu/Android/Sdk/ndk-bundle/toolchains/mips64el-linux-android-4.9/prebuilt/linux-x86_64/lib/gcc/mips64el-linux-android/4.9.x/32/mips-r1;/home/lulu/Android/Sdk/ndk-bundle/toolchains/llvm/prebuilt/linux-x86_64/lib64/clang/5.0.300080/lib/linux/mipsel;/home/lulu/Android/Sdk/ndk-bundle/toolchains/mips64el-linux-android-4.9/prebuilt/linux-x86_64/mips64el-linux-android/lib;/home/lulu/Android/Sdk/ndk-bundle/platforms/android-15/arch-mips/usr/lib]
  implicit fwks: []




Detecting C [-std=c11] compiler features compiled with the following output:
Change Dir: /home/lulu/source/github/cryptlib/CryptLibrary/.externalNativeBuild/cmake/release/mips/CMakeFiles/CMakeTmp

Run Build Command:"/home/lulu/Android/Sdk/cmake/3.6.4111459/bin/ninja" "cmTC_373fb"
[1/2] Building C object CMakeFiles/cmTC_373fb.dir/feature_tests.c.o
[2/2] Linking C executable cmTC_373fb


    Feature record: C_FEATURE:1c_function_prototypes
    Feature record: C_FEATURE:1c_restrict
    Feature record: C_FEATURE:1c_static_assert
    Feature record: C_FEATURE:1c_variadic_macros


Detecting C [-std=c99] compiler features compiled with the following output:
Change Dir: /home/lulu/source/github/cryptlib/CryptLibrary/.externalNativeBuild/cmake/release/mips/CMakeFiles/CMakeTmp

Run Build Command:"/home/lulu/Android/Sdk/cmake/3.6.4111459/bin/ninja" "cmTC_6324a"
[1/2] Building C object CMakeFiles/cmTC_6324a.dir/feature_tests.c.o
[2/2] Linking C executable cmTC_6324a


    Feature record: C_FEATURE:1c_function_prototypes
    Feature record: C_FEATURE:1c_restrict
    Feature record: C_FEATURE:0c_static_assert
    Feature record: C_FEATURE:1c_variadic_macros


Detecting C [-std=c90] compiler features compiled with the following output:
Change Dir: /home/lulu/source/github/cryptlib/CryptLibrary/.externalNativeBuild/cmake/release/mips/CMakeFiles/CMakeTmp

Run Build Command:"/home/lulu/Android/Sdk/cmake/3.6.4111459/bin/ninja" "cmTC_ae39a"
[1/2] Building C object CMakeFiles/cmTC_ae39a.dir/feature_tests.c.o
[2/2] Linking C executable cmTC_ae39a


    Feature record: C_FEATURE:1c_function_prototypes
    Feature record: C_FEATURE:0c_restrict
    Feature record: C_FEATURE:0c_static_assert
    Feature record: C_FEATURE:0c_variadic_macros
Determining if the CXX compiler works passed with the following output:
Change Dir: /home/lulu/source/github/cryptlib/CryptLibrary/.externalNativeBuild/cmake/release/mips/CMakeFiles/CMakeTmp

Run Build Command:"/home/lulu/Android/Sdk/cmake/3.6.4111459/bin/ninja" "cmTC_93e4d"
[1/2] Building CXX object CMakeFiles/cmTC_93e4d.dir/testCXXCompiler.cxx.o
[2/2] Linking CXX executable cmTC_93e4d


Detecting CXX compiler ABI info compiled with the following output:
Change Dir: /home/lulu/source/github/cryptlib/CryptLibrary/.externalNativeBuild/cmake/release/mips/CMakeFiles/CMakeTmp

Run Build Command:"/home/lulu/Android/Sdk/cmake/3.6.4111459/bin/ninja" "cmTC_167ff"
[1/2] Building CXX object CMakeFiles/cmTC_167ff.dir/CMakeCXXCompilerABI.cpp.o
[2/2] Linking CXX executable cmTC_167ff
Android clang version 5.0.300080  (based on LLVM 5.0.300080)
Target: mipsel-none-linux-android
Thread model: posix
InstalledDir: /home/lulu/Android/Sdk/ndk-bundle/toolchains/llvm/prebuilt/linux-x86_64/bin
Found candidate GCC installation: /home/lulu/Android/Sdk/ndk-bundle/toolchains/mips64el-linux-android-4.9/prebuilt/linux-x86_64/lib/gcc/mips64el-linux-android/4.9.x
Selected GCC installation: /home/lulu/Android/Sdk/ndk-bundle/toolchains/mips64el-linux-android-4.9/prebuilt/linux-x86_64/lib/gcc/mips64el-linux-android/4.9.x
Candidate multilib: .;@march=mips64r6
Candidate multilib: 32/mips-r1;@march=mips32
Candidate multilib: 32/mips-r2;@march=mips32r2
Candidate multilib: 32/mips-r6;@march=mips32r6
Selected multilib: 32/mips-r1;@march=mips32
 "/home/lulu/Android/Sdk/ndk-bundle/toolchains/mips64el-linux-android-4.9/prebuilt/linux-x86_64/lib/gcc/mips64el-linux-android/4.9.x/../../../../mips64el-linux-android/bin/ld" --sysroot=/home/lulu/Android/Sdk/ndk-bundle/platforms/android-15/arch-mips -z relro --sysroot=/home/lulu/Android/Sdk/ndk-bundle/platforms/android-15/arch-mips --eh-frame-hdr -m elf32ltsmip -dynamic-linker /system/bin/linker -o cmTC_167ff /home/lulu/Android/Sdk/ndk-bundle/platforms/android-15/arch-mips/usr/lib/../lib/crtbegin_dynamic.o -L/home/lulu/Android/Sdk/ndk-bundle/toolchains/mips64el-linux-android-4.9/prebuilt/linux-x86_64/lib/gcc/mips64el-linux-android/4.9.x/32/mips-r1 -L/home/lulu/Android/Sdk/ndk-bundle/toolchains/llvm/prebuilt/linux-x86_64/lib64/clang/5.0.300080/lib/linux/mipsel -L/home/lulu/Android/Sdk/ndk-bundle/toolchains/mips64el-linux-android-4.9/prebuilt/linux-x86_64/lib/gcc/mips64el-linux-android/4.9.x/32/mips-r1 -L/home/lulu/Android/Sdk/ndk-bundle/toolchains/mips64el-linux-android-4.9/prebuilt/linux-x86_64/lib/gcc/mips64el-linux-android/4.9.x/../../../../mips64el-linux-android/lib/../lib -L/home/lulu/Android/Sdk/ndk-bundle/platforms/android-15/arch-mips/usr/lib/../lib -L/home/lulu/Android/Sdk/ndk-bundle/toolchains/mips64el-linux-android-4.9/prebuilt/linux-x86_64/lib/gcc/mips64el-linux-android/4.9.x/../../../../mips64el-linux-android/lib -L/home/lulu/Android/Sdk/ndk-bundle/platforms/android-15/arch-mips/usr/lib --exclude-libs libgcc.a --exclude-libs libatomic.a --build-id --warn-shared-textrel --fatal-warnings --no-undefined -z noexecstack -z relro -z now --gc-sections -z nocopyreloc CMakeFiles/cmTC_167ff.dir/CMakeCXXCompilerABI.cpp.o -lstdc++ -lm -lgcc -lgcc -ldl -lc -lgcc -lgcc -ldl /home/lulu/Android/Sdk/ndk-bundle/platforms/android-15/arch-mips/usr/lib/../lib/crtend_android.o


Parsed CXX implicit link information from above output:
  link line regex: [^( *|.*[/\])(mips64el-linux-android-ld|([^/\]+-)?ld|collect2)[^/\]*( |$)]
  ignore line: [Change Dir: /home/lulu/source/github/cryptlib/CryptLibrary/.externalNativeBuild/cmake/release/mips/CMakeFiles/CMakeTmp]
  ignore line: []
  ignore line: [Run Build Command:"/home/lulu/Android/Sdk/cmake/3.6.4111459/bin/ninja" "cmTC_167ff"]
  ignore line: [[1/2] Building CXX object CMakeFiles/cmTC_167ff.dir/CMakeCXXCompilerABI.cpp.o]
  ignore line: [[2/2] Linking CXX executable cmTC_167ff]
  ignore line: [Android clang version 5.0.300080  (based on LLVM 5.0.300080)]
  ignore line: [Target: mipsel-none-linux-android]
  ignore line: [Thread model: posix]
  ignore line: [InstalledDir: /home/lulu/Android/Sdk/ndk-bundle/toolchains/llvm/prebuilt/linux-x86_64/bin]
  ignore line: [Found candidate GCC installation: /home/lulu/Android/Sdk/ndk-bundle/toolchains/mips64el-linux-android-4.9/prebuilt/linux-x86_64/lib/gcc/mips64el-linux-android/4.9.x]
  ignore line: [Selected GCC installation: /home/lulu/Android/Sdk/ndk-bundle/toolchains/mips64el-linux-android-4.9/prebuilt/linux-x86_64/lib/gcc/mips64el-linux-android/4.9.x]
  ignore line: [Candidate multilib: .]
  ignore line: [@march=mips64r6]
  ignore line: [Candidate multilib: 32/mips-r1]
  ignore line: [@march=mips32]
  ignore line: [Candidate multilib: 32/mips-r2]
  ignore line: [@march=mips32r2]
  ignore line: [Candidate multilib: 32/mips-r6]
  ignore line: [@march=mips32r6]
  ignore line: [Selected multilib: 32/mips-r1]
  ignore line: [@march=mips32]
  link line: [ "/home/lulu/Android/Sdk/ndk-bundle/toolchains/mips64el-linux-android-4.9/prebuilt/linux-x86_64/lib/gcc/mips64el-linux-android/4.9.x/../../../../mips64el-linux-android/bin/ld" --sysroot=/home/lulu/Android/Sdk/ndk-bundle/platforms/android-15/arch-mips -z relro --sysroot=/home/lulu/Android/Sdk/ndk-bundle/platforms/android-15/arch-mips --eh-frame-hdr -m elf32ltsmip -dynamic-linker /system/bin/linker -o cmTC_167ff /home/lulu/Android/Sdk/ndk-bundle/platforms/android-15/arch-mips/usr/lib/../lib/crtbegin_dynamic.o -L/home/lulu/Android/Sdk/ndk-bundle/toolchains/mips64el-linux-android-4.9/prebuilt/linux-x86_64/lib/gcc/mips64el-linux-android/4.9.x/32/mips-r1 -L/home/lulu/Android/Sdk/ndk-bundle/toolchains/llvm/prebuilt/linux-x86_64/lib64/clang/5.0.300080/lib/linux/mipsel -L/home/lulu/Android/Sdk/ndk-bundle/toolchains/mips64el-linux-android-4.9/prebuilt/linux-x86_64/lib/gcc/mips64el-linux-android/4.9.x/32/mips-r1 -L/home/lulu/Android/Sdk/ndk-bundle/toolchains/mips64el-linux-android-4.9/prebuilt/linux-x86_64/lib/gcc/mips64el-linux-android/4.9.x/../../../../mips64el-linux-android/lib/../lib -L/home/lulu/Android/Sdk/ndk-bundle/platforms/android-15/arch-mips/usr/lib/../lib -L/home/lulu/Android/Sdk/ndk-bundle/toolchains/mips64el-linux-android-4.9/prebuilt/linux-x86_64/lib/gcc/mips64el-linux-android/4.9.x/../../../../mips64el-linux-android/lib -L/home/lulu/Android/Sdk/ndk-bundle/platforms/android-15/arch-mips/usr/lib --exclude-libs libgcc.a --exclude-libs libatomic.a --build-id --warn-shared-textrel --fatal-warnings --no-undefined -z noexecstack -z relro -z now --gc-sections -z nocopyreloc CMakeFiles/cmTC_167ff.dir/CMakeCXXCompilerABI.cpp.o -lstdc++ -lm -lgcc -lgcc -ldl -lc -lgcc -lgcc -ldl /home/lulu/Android/Sdk/ndk-bundle/platforms/android-15/arch-mips/usr/lib/../lib/crtend_android.o]
    arg [/home/lulu/Android/Sdk/ndk-bundle/toolchains/mips64el-linux-android-4.9/prebuilt/linux-x86_64/lib/gcc/mips64el-linux-android/4.9.x/../../../../mips64el-linux-android/bin/ld] ==> ignore
    arg [--sysroot=/home/lulu/Android/Sdk/ndk-bundle/platforms/android-15/arch-mips] ==> ignore
    arg [-zrelro] ==> ignore
    arg [--sysroot=/home/lulu/Android/Sdk/ndk-bundle/platforms/android-15/arch-mips] ==> ignore
    arg [--eh-frame-hdr] ==> ignore
    arg [-m] ==> ignore
    arg [elf32ltsmip] ==> ignore
    arg [-dynamic-linker] ==> ignore
    arg [/system/bin/linker] ==> ignore
    arg [-o] ==> ignore
    arg [cmTC_167ff] ==> ignore
    arg [/home/lulu/Android/Sdk/ndk-bundle/platforms/android-15/arch-mips/usr/lib/../lib/crtbegin_dynamic.o] ==> ignore
    arg [-L/home/lulu/Android/Sdk/ndk-bundle/toolchains/mips64el-linux-android-4.9/prebuilt/linux-x86_64/lib/gcc/mips64el-linux-android/4.9.x/32/mips-r1] ==> dir [/home/lulu/Android/Sdk/ndk-bundle/toolchains/mips64el-linux-android-4.9/prebuilt/linux-x86_64/lib/gcc/mips64el-linux-android/4.9.x/32/mips-r1]
    arg [-L/home/lulu/Android/Sdk/ndk-bundle/toolchains/llvm/prebuilt/linux-x86_64/lib64/clang/5.0.300080/lib/linux/mipsel] ==> dir [/home/lulu/Android/Sdk/ndk-bundle/toolchains/llvm/prebuilt/linux-x86_64/lib64/clang/5.0.300080/lib/linux/mipsel]
    arg [-L/home/lulu/Android/Sdk/ndk-bundle/toolchains/mips64el-linux-android-4.9/prebuilt/linux-x86_64/lib/gcc/mips64el-linux-android/4.9.x/32/mips-r1] ==> dir [/home/lulu/Android/Sdk/ndk-bundle/toolchains/mips64el-linux-android-4.9/prebuilt/linux-x86_64/lib/gcc/mips64el-linux-android/4.9.x/32/mips-r1]
    arg [-L/home/lulu/Android/Sdk/ndk-bundle/toolchains/mips64el-linux-android-4.9/prebuilt/linux-x86_64/lib/gcc/mips64el-linux-android/4.9.x/../../../../mips64el-linux-android/lib/../lib] ==> dir [/home/lulu/Android/Sdk/ndk-bundle/toolchains/mips64el-linux-android-4.9/prebuilt/linux-x86_64/lib/gcc/mips64el-linux-android/4.9.x/../../../../mips64el-linux-android/lib/../lib]
    arg [-L/home/lulu/Android/Sdk/ndk-bundle/platforms/android-15/arch-mips/usr/lib/../lib] ==> dir [/home/lulu/Android/Sdk/ndk-bundle/platforms/android-15/arch-mips/usr/lib/../lib]
    arg [-L/home/lulu/Android/Sdk/ndk-bundle/toolchains/mips64el-linux-android-4.9/prebuilt/linux-x86_64/lib/gcc/mips64el-linux-android/4.9.x/../../../../mips64el-linux-android/lib] ==> dir [/home/lulu/Android/Sdk/ndk-bundle/toolchains/mips64el-linux-android-4.9/prebuilt/linux-x86_64/lib/gcc/mips64el-linux-android/4.9.x/../../../../mips64el-linux-android/lib]
    arg [-L/home/lulu/Android/Sdk/ndk-bundle/platforms/android-15/arch-mips/usr/lib] ==> dir [/home/lulu/Android/Sdk/ndk-bundle/platforms/android-15/arch-mips/usr/lib]
    arg [--exclude-libs] ==> ignore
    arg [libgcc.a] ==> ignore
    arg [--exclude-libs] ==> ignore
    arg [libatomic.a] ==> ignore
    arg [--build-id] ==> ignore
    arg [--warn-shared-textrel] ==> ignore
    arg [--fatal-warnings] ==> ignore
    arg [--no-undefined] ==> ignore
    arg [-znoexecstack] ==> ignore
    arg [-zrelro] ==> ignore
    arg [-znow] ==> ignore
    arg [--gc-sections] ==> ignore
    arg [-znocopyreloc] ==> ignore
    arg [CMakeFiles/cmTC_167ff.dir/CMakeCXXCompilerABI.cpp.o] ==> ignore
    arg [-lstdc++] ==> lib [stdc++]
    arg [-lm] ==> lib [m]
    arg [-lgcc] ==> lib [gcc]
    arg [-lgcc] ==> lib [gcc]
    arg [-ldl] ==> lib [dl]
    arg [-lc] ==> lib [c]
    arg [-lgcc] ==> lib [gcc]
    arg [-lgcc] ==> lib [gcc]
    arg [-ldl] ==> lib [dl]
    arg [/home/lulu/Android/Sdk/ndk-bundle/platforms/android-15/arch-mips/usr/lib/../lib/crtend_android.o] ==> ignore
  remove lib [gcc]
  remove lib [gcc]
  remove lib [gcc]
  remove lib [gcc]
  collapse library dir [/home/lulu/Android/Sdk/ndk-bundle/toolchains/mips64el-linux-android-4.9/prebuilt/linux-x86_64/lib/gcc/mips64el-linux-android/4.9.x/32/mips-r1] ==> [/home/lulu/Android/Sdk/ndk-bundle/toolchains/mips64el-linux-android-4.9/prebuilt/linux-x86_64/lib/gcc/mips64el-linux-android/4.9.x/32/mips-r1]
  collapse library dir [/home/lulu/Android/Sdk/ndk-bundle/toolchains/llvm/prebuilt/linux-x86_64/lib64/clang/5.0.300080/lib/linux/mipsel] ==> [/home/lulu/Android/Sdk/ndk-bundle/toolchains/llvm/prebuilt/linux-x86_64/lib64/clang/5.0.300080/lib/linux/mipsel]
  collapse library dir [/home/lulu/Android/Sdk/ndk-bundle/toolchains/mips64el-linux-android-4.9/prebuilt/linux-x86_64/lib/gcc/mips64el-linux-android/4.9.x/32/mips-r1] ==> [/home/lulu/Android/Sdk/ndk-bundle/toolchains/mips64el-linux-android-4.9/prebuilt/linux-x86_64/lib/gcc/mips64el-linux-android/4.9.x/32/mips-r1]
  collapse library dir [/home/lulu/Android/Sdk/ndk-bundle/toolchains/mips64el-linux-android-4.9/prebuilt/linux-x86_64/lib/gcc/mips64el-linux-android/4.9.x/../../../../mips64el-linux-android/lib/../lib] ==> [/home/lulu/Android/Sdk/ndk-bundle/toolchains/mips64el-linux-android-4.9/prebuilt/linux-x86_64/mips64el-linux-android/lib]
  collapse library dir [/home/lulu/Android/Sdk/ndk-bundle/platforms/android-15/arch-mips/usr/lib/../lib] ==> [/home/lulu/Android/Sdk/ndk-bundle/platforms/android-15/arch-mips/usr/lib]
  collapse library dir [/home/lulu/Android/Sdk/ndk-bundle/toolchains/mips64el-linux-android-4.9/prebuilt/linux-x86_64/lib/gcc/mips64el-linux-android/4.9.x/../../../../mips64el-linux-android/lib] ==> [/home/lulu/Android/Sdk/ndk-bundle/toolchains/mips64el-linux-android-4.9/prebuilt/linux-x86_64/mips64el-linux-android/lib]
  collapse library dir [/home/lulu/Android/Sdk/ndk-bundle/platforms/android-15/arch-mips/usr/lib] ==> [/home/lulu/Android/Sdk/ndk-bundle/platforms/android-15/arch-mips/usr/lib]
  implicit libs: [stdc++;m;dl;c;dl]
  implicit dirs: [/home/lulu/Android/Sdk/ndk-bundle/toolchains/mips64el-linux-android-4.9/prebuilt/linux-x86_64/lib/gcc/mips64el-linux-android/4.9.x/32/mips-r1;/home/lulu/Android/Sdk/ndk-bundle/toolchains/llvm/prebuilt/linux-x86_64/lib64/clang/5.0.300080/lib/linux/mipsel;/home/lulu/Android/Sdk/ndk-bundle/toolchains/mips64el-linux-android-4.9/prebuilt/linux-x86_64/mips64el-linux-android/lib;/home/lulu/Android/Sdk/ndk-bundle/platforms/android-15/arch-mips/usr/lib]
  implicit fwks: []




Detecting CXX [-std=c++14] compiler features compiled with the following output:
Change Dir: /home/lulu/source/github/cryptlib/CryptLibrary/.externalNativeBuild/cmake/release/mips/CMakeFiles/CMakeTmp

Run Build Command:"/home/lulu/Android/Sdk/cmake/3.6.4111459/bin/ninja" "cmTC_d60d2"
[1/2] Building CXX object CMakeFiles/cmTC_d60d2.dir/feature_tests.cxx.o
[2/2] Linking CXX executable cmTC_d60d2


    Feature record: CXX_FEATURE:1cxx_aggregate_default_initializers
    Feature record: CXX_FEATURE:1cxx_alias_templates
    Feature record: CXX_FEATURE:1cxx_alignas
    Feature record: CXX_FEATURE:1cxx_alignof
    Feature record: CXX_FEATURE:1cxx_attributes
    Feature record: CXX_FEATURE:1cxx_attribute_deprecated
    Feature record: CXX_FEATURE:1cxx_auto_type
    Feature record: CXX_FEATURE:1cxx_binary_literals
    Feature record: CXX_FEATURE:1cxx_constexpr
    Feature record: CXX_FEATURE:1cxx_contextual_conversions
    Feature record: CXX_FEATURE:1cxx_decltype
    Feature record: CXX_FEATURE:1cxx_decltype_auto
    Feature record: CXX_FEATURE:1cxx_decltype_incomplete_return_types
    Feature record: CXX_FEATURE:1cxx_default_function_template_args
    Feature record: CXX_FEATURE:1cxx_defaulted_functions
    Feature record: CXX_FEATURE:1cxx_defaulted_move_initializers
    Feature record: CXX_FEATURE:1cxx_delegating_constructors
    Feature record: CXX_FEATURE:1cxx_deleted_functions
    Feature record: CXX_FEATURE:1cxx_digit_separators
    Feature record: CXX_FEATURE:1cxx_enum_forward_declarations
    Feature record: CXX_FEATURE:1cxx_explicit_conversions
    Feature record: CXX_FEATURE:1cxx_extended_friend_declarations
    Feature record: CXX_FEATURE:1cxx_extern_templates
    Feature record: CXX_FEATURE:1cxx_final
    Feature record: CXX_FEATURE:1cxx_func_identifier
    Feature record: CXX_FEATURE:1cxx_generalized_initializers
    Feature record: CXX_FEATURE:1cxx_generic_lambdas
    Feature record: CXX_FEATURE:1cxx_inheriting_constructors
    Feature record: CXX_FEATURE:1cxx_inline_namespaces
    Feature record: CXX_FEATURE:1cxx_lambdas
    Feature record: CXX_FEATURE:1cxx_lambda_init_captures
    Feature record: CXX_FEATURE:1cxx_local_type_template_args
    Feature record: CXX_FEATURE:1cxx_long_long_type
    Feature record: CXX_FEATURE:1cxx_noexcept
    Feature record: CXX_FEATURE:1cxx_nonstatic_member_init
    Feature record: CXX_FEATURE:1cxx_nullptr
    Feature record: CXX_FEATURE:1cxx_override
    Feature record: CXX_FEATURE:1cxx_range_for
    Feature record: CXX_FEATURE:1cxx_raw_string_literals
    Feature record: CXX_FEATURE:1cxx_reference_qualified_functions
    Feature record: CXX_FEATURE:1cxx_relaxed_constexpr
    Feature record: CXX_FEATURE:1cxx_return_type_deduction
    Feature record: CXX_FEATURE:1cxx_right_angle_brackets
    Feature record: CXX_FEATURE:1cxx_rvalue_references
    Feature record: CXX_FEATURE:1cxx_sizeof_member
    Feature record: CXX_FEATURE:1cxx_static_assert
    Feature record: CXX_FEATURE:1cxx_strong_enums
    Feature record: CXX_FEATURE:1cxx_template_template_parameters
    Feature record: CXX_FEATURE:1cxx_thread_local
    Feature record: CXX_FEATURE:1cxx_trailing_return_types
    Feature record: CXX_FEATURE:1cxx_unicode_literals
    Feature record: CXX_FEATURE:1cxx_uniform_initialization
    Feature record: CXX_FEATURE:1cxx_unrestricted_unions
    Feature record: CXX_FEATURE:1cxx_user_literals
    Feature record: CXX_FEATURE:1cxx_variable_templates
    Feature record: CXX_FEATURE:1cxx_variadic_macros
    Feature record: CXX_FEATURE:1cxx_variadic_templates


Detecting CXX [-std=c++11] compiler features compiled with the following output:
Change Dir: /home/lulu/source/github/cryptlib/CryptLibrary/.externalNativeBuild/cmake/release/mips/CMakeFiles/CMakeTmp

Run Build Command:"/home/lulu/Android/Sdk/cmake/3.6.4111459/bin/ninja" "cmTC_f59f1"
[1/2] Building CXX object CMakeFiles/cmTC_f59f1.dir/feature_tests.cxx.o
[2/2] Linking CXX executable cmTC_f59f1


    Feature record: CXX_FEATURE:0cxx_aggregate_default_initializers
    Feature record: CXX_FEATURE:1cxx_alias_templates
    Feature record: CXX_FEATURE:1cxx_alignas
    Feature record: CXX_FEATURE:1cxx_alignof
    Feature record: CXX_FEATURE:1cxx_attributes
    Feature record: CXX_FEATURE:0cxx_attribute_deprecated
    Feature record: CXX_FEATURE:1cxx_auto_type
    Feature record: CXX_FEATURE:0cxx_binary_literals
    Feature record: CXX_FEATURE:1cxx_constexpr
    Feature record: CXX_FEATURE:0cxx_contextual_conversions
    Feature record: CXX_FEATURE:1cxx_decltype
    Feature record: CXX_FEATURE:0cxx_decltype_auto
    Feature record: CXX_FEATURE:1cxx_decltype_incomplete_return_types
    Feature record: CXX_FEATURE:1cxx_default_function_template_args
    Feature record: CXX_FEATURE:1cxx_defaulted_functions
    Feature record: CXX_FEATURE:1cxx_defaulted_move_initializers
    Feature record: CXX_FEATURE:1cxx_delegating_constructors
    Feature record: CXX_FEATURE:1cxx_deleted_functions
    Feature record: CXX_FEATURE:0cxx_digit_separators
    Feature record: CXX_FEATURE:1cxx_enum_forward_declarations
    Feature record: CXX_FEATURE:1cxx_explicit_conversions
    Feature record: CXX_FEATURE:1cxx_extended_friend_declarations
    Feature record: CXX_FEATURE:1cxx_extern_templates
    Feature record: CXX_FEATURE:1cxx_final
    Feature record: CXX_FEATURE:1cxx_func_identifier
    Feature record: CXX_FEATURE:1cxx_generalized_initializers
    Feature record: CXX_FEATURE:0cxx_generic_lambdas
    Feature record: CXX_FEATURE:1cxx_inheriting_constructors
    Feature record: CXX_FEATURE:1cxx_inline_namespaces
    Feature record: CXX_FEATURE:1cxx_lambdas
    Feature record: CXX_FEATURE:0cxx_lambda_init_captures
    Feature record: CXX_FEATURE:1cxx_local_type_template_args
    Feature record: CXX_FEATURE:1cxx_long_long_type
    Feature record: CXX_FEATURE:1cxx_noexcept
    Feature record: CXX_FEATURE:1cxx_nonstatic_member_init
    Feature record: CXX_FEATURE:1cxx_nullptr
    Feature record: CXX_FEATURE:1cxx_override
    Feature record: CXX_FEATURE:1cxx_range_for
    Feature record: CXX_FEATURE:1cxx_raw_string_literals
    Feature record: CXX_FEATURE:1cxx_reference_qualified_functions
    Feature record: CXX_FEATURE:0cxx_relaxed_constexpr
    Feature record: CXX_FEATURE:0cxx_return_type_deduction
    Feature record: CXX_FEATURE:1cxx_right_angle_brackets
    Feature record: CXX_FEATURE:1cxx_rvalue_references
    Feature record: CXX_FEATURE:1cxx_sizeof_member
    Feature record: CXX_FEATURE:1cxx_static_assert
    Feature record: CXX_FEATURE:1cxx_strong_enums
    Feature record: CXX_FEATURE:1cxx_template_template_parameters
    Feature record: CXX_FEATURE:1cxx_thread_local
    Feature record: CXX_FEATURE:1cxx_trailing_return_types
    Feature record: CXX_FEATURE:1cxx_unicode_literals
    Feature record: CXX_FEATURE:1cxx_uniform_initialization
    Feature record: CXX_FEATURE:1cxx_unrestricted_unions
    Feature record: CXX_FEATURE:1cxx_user_literals
    Feature record: CXX_FEATURE:0cxx_variable_templates
    Feature record: CXX_FEATURE:1cxx_variadic_macros
    Feature record: CXX_FEATURE:1cxx_variadic_templates


Detecting CXX [-std=c++98] compiler features compiled with the following output:
Change Dir: /home/lulu/source/github/cryptlib/CryptLibrary/.externalNativeBuild/cmake/release/mips/CMakeFiles/CMakeTmp

Run Build Command:"/home/lulu/Android/Sdk/cmake/3.6.4111459/bin/ninja" "cmTC_315a8"
[1/2] Building CXX object CMakeFiles/cmTC_315a8.dir/feature_tests.cxx.o
[2/2] Linking CXX executable cmTC_315a8


    Feature record: CXX_FEATURE:0cxx_aggregate_default_initializers
    Feature record: CXX_FEATURE:0cxx_alias_templates
    Feature record: CXX_FEATURE:0cxx_alignas
    Feature record: CXX_FEATURE:0cxx_alignof
    Feature record: CXX_FEATURE:0cxx_attributes
    Feature record: CXX_FEATURE:0cxx_attribute_deprecated
    Feature record: CXX_FEATURE:0cxx_auto_type
    Feature record: CXX_FEATURE:0cxx_binary_literals
    Feature record: CXX_FEATURE:0cxx_constexpr
    Feature record: CXX_FEATURE:0cxx_contextual_conversions
    Feature record: CXX_FEATURE:0cxx_decltype
    Feature record: CXX_FEATURE:0cxx_decltype_auto
    Feature record: CXX_FEATURE:0cxx_decltype_incomplete_return_types
    Feature record: CXX_FEATURE:0cxx_default_function_template_args
    Feature record: CXX_FEATURE:0cxx_defaulted_functions
    Feature record: CXX_FEATURE:0cxx_defaulted_move_initializers
    Feature record: CXX_FEATURE:0cxx_delegating_constructors
    Feature record: CXX_FEATURE:0cxx_deleted_functions
    Feature record: CXX_FEATURE:0cxx_digit_separators
    Feature record: CXX_FEATURE:0cxx_enum_forward_declarations
    Feature record: CXX_FEATURE:0cxx_explicit_conversions
    Feature record: CXX_FEATURE:0cxx_extended_friend_declarations
    Feature record: CXX_FEATURE:0cxx_extern_templates
    Feature record: CXX_FEATURE:0cxx_final
    Feature record: CXX_FEATURE:0cxx_func_identifier
    Feature record: CXX_FEATURE:0cxx_generalized_initializers
    Feature record: CXX_FEATURE:0cxx_generic_lambdas
    Feature record: CXX_FEATURE:0cxx_inheriting_constructors
    Feature record: CXX_FEATURE:0cxx_inline_namespaces
    Feature record: CXX_FEATURE:0cxx_lambdas
    Feature record: CXX_FEATURE:0cxx_lambda_init_captures
    Feature record: CXX_FEATURE:0cxx_local_type_template_args
    Feature record: CXX_FEATURE:0cxx_long_long_type
    Feature record: CXX_FEATURE:0cxx_noexcept
    Feature record: CXX_FEATURE:0cxx_nonstatic_member_init
    Feature record: CXX_FEATURE:0cxx_nullptr
    Feature record: CXX_FEATURE:0cxx_override
    Feature record: CXX_FEATURE:0cxx_range_for
    Feature record: CXX_FEATURE:0cxx_raw_string_literals
    Feature record: CXX_FEATURE:0cxx_reference_qualified_functions
    Feature record: CXX_FEATURE:0cxx_relaxed_constexpr
    Feature record: CXX_FEATURE:0cxx_return_type_deduction
    Feature record: CXX_FEATURE:0cxx_right_angle_brackets
    Feature record: CXX_FEATURE:0cxx_rvalue_references
    Feature record: CXX_FEATURE:0cxx_sizeof_member
    Feature record: CXX_FEATURE:0cxx_static_assert
    Feature record: CXX_FEATURE:0cxx_strong_enums
    Feature record: CXX_FEATURE:1cxx_template_template_parameters
    Feature record: CXX_FEATURE:0cxx_thread_local
    Feature record: CXX_FEATURE:0cxx_trailing_return_types
    Feature record: CXX_FEATURE:0cxx_unicode_literals
    Feature record: CXX_FEATURE:0cxx_uniform_initialization
    Feature record: CXX_FEATURE:0cxx_unrestricted_unions
    Feature record: CXX_FEATURE:0cxx_user_literals
    Feature record: CXX_FEATURE:0cxx_variable_templates
    Feature record: CXX_FEATURE:0cxx_variadic_macros
    Feature record: CXX_FEATURE:0cxx_variadic_templates
